------------------------------------------------------------
Client connecting to 192.168.33.10, UDP port 5001
Sending 1470 byte datagrams
UDP buffer size:  208 KByte (default)
------------------------------------------------------------
[  3] local 192.168.33.11 port 46601 connected with 192.168.33.10 port 5001
[ ID] Interval       Transfer     Bandwidth
[  3]  0.0- 3.0 sec   368 KBytes  1.00 Mbits/sec
[  3]  3.0- 6.0 sec   366 KBytes  1000 Kbits/sec
[  3]  6.0- 9.0 sec   366 KBytes  1000 Kbits/sec
[  3]  9.0-12.0 sec   366 KBytes  1000 Kbits/sec
[  3] 12.0-15.0 sec   366 KBytes  1000 Kbits/sec
[  3] 15.0-18.0 sec   366 KBytes  1000 Kbits/sec
[  3] 18.0-21.0 sec   366 KBytes  1000 Kbits/sec
[  3] 21.0-24.0 sec   366 KBytes  1000 Kbits/sec
[  3] 24.0-27.0 sec   366 KBytes  1000 Kbits/sec
[  3] 27.0-30.0 sec   368 KBytes  1.00 Mbits/sec
[  3]  0.0-30.0 sec  3.58 MBytes  1000 Kbits/sec
[  3] Sent 2553 datagrams
[  3] Server Report:
[  3]  0.0-60.4 sec  3.58 MBytes   497 Kbits/sec   0.146 ms    0/ 2553 (0%)
