------------------------------------------------------------
Client connecting to 192.168.33.10, UDP port 5001
Sending 1470 byte datagrams
UDP buffer size:  208 KByte (default)
------------------------------------------------------------
[  3] local 192.168.33.11 port 59125 connected with 192.168.33.10 port 5001
[ ID] Interval       Transfer     Bandwidth
[  3]  0.0- 3.0 sec  3.58 MBytes  10.0 Mbits/sec
[  3]  3.0- 6.0 sec  3.58 MBytes  10.0 Mbits/sec
[  3]  6.0- 9.0 sec  3.58 MBytes  10.0 Mbits/sec
[  3]  9.0-12.0 sec  3.58 MBytes  10.0 Mbits/sec
[  3] 12.0-15.0 sec  3.57 MBytes  10.0 Mbits/sec
[  3] 15.0-18.0 sec  3.58 MBytes  10.0 Mbits/sec
[  3] 18.0-21.0 sec  3.58 MBytes  10.0 Mbits/sec
[  3] 21.0-24.0 sec  3.58 MBytes  10.0 Mbits/sec
[  3] 24.0-27.0 sec  3.58 MBytes  10.0 Mbits/sec
[  3] 27.0-30.0 sec  3.58 MBytes  10.0 Mbits/sec
[  3]  0.0-30.0 sec  35.8 MBytes  10.0 Mbits/sec
[  3] Sent 25512 datagrams
[  3] Server Report:
[  3]  0.0-271.3 sec  35.8 MBytes  1.11 Mbits/sec  29.597 ms    9/25511 (0.035%)
[  3]  0.0-271.3 sec  23463 datagrams received out-of-order
