------------------------------------------------------------
Client connecting to 192.168.33.10, UDP port 5001
Sending 1470 byte datagrams
UDP buffer size:  208 KByte (default)
------------------------------------------------------------
[  3] local 192.168.33.11 port 49322 connected with 192.168.33.10 port 5001
[ ID] Interval       Transfer     Bandwidth
[  3]  0.0- 3.0 sec  1.79 MBytes  5.00 Mbits/sec
[  3]  3.0- 6.0 sec  1.79 MBytes  5.00 Mbits/sec
[  3]  6.0- 9.0 sec  1.79 MBytes  5.00 Mbits/sec
[  3]  9.0-12.0 sec  1.79 MBytes  5.00 Mbits/sec
[  3] 12.0-15.0 sec  1.79 MBytes  5.00 Mbits/sec
[  3] 15.0-18.0 sec  1.79 MBytes  5.00 Mbits/sec
[  3] 18.0-21.0 sec  1.79 MBytes  5.00 Mbits/sec
[  3] 21.0-24.0 sec  1.79 MBytes  5.00 Mbits/sec
[  3] 24.0-27.0 sec  1.79 MBytes  5.00 Mbits/sec
[  3] 27.0-30.0 sec  1.79 MBytes  5.00 Mbits/sec
[  3]  0.0-30.0 sec  17.9 MBytes  5.00 Mbits/sec
[  3] Sent 12757 datagrams
[  3] Server Report:
[  3]  0.0-241.2 sec  17.9 MBytes   621 Kbits/sec  36.898 ms    8/12754 (0.063%)
[  3]  0.0-241.2 sec  10970 datagrams received out-of-order
